<component name="libraryTable">
  <library name="junit">
    <CLASSES>
      <root url="jar://D:/junit.jar!/" />
      <root url="jar://D:/selenium-server-standalone-2.52.0.jar!/" />
    </CLASSES>
    <JAVADOC />
    <SOURCES />
  </library>
</component>